# JRE version: Java(TM) SE Runtime Environment (8.0_144-b01) (build 1.8.0_144-b01)
# Java VM: Java HotSpot(TM) 64-Bit Server VM (25.144-b01 mixed mode windows-amd64 compressed oops)
Heap:
 garbage-first heap   total 131072K, used 40314K [0x00000000c0000000, 0x00000000c0100400, 0x0000000100000000)
  region size 1024K, 28 young (28672K), 9 survivors (9216K)
 Metaspace       used 23555K, capacity 25228K, committed 25344K, reserved 1071104K
  class space    used 2494K, capacity 3011K, committed 3072K, reserved 1048576K
GC Heap History (6 events):
Event: 1.178 GC heap before
{Heap before GC invocations=0 (full 0):
 garbage-first heap   total 131072K, used 6144K [0x00000000c0000000, 0x00000000c0100400, 0x0000000100000000)
  region size 1024K, 6 young (6144K), 0 survivors (0K)
 Metaspace       used 5011K, capacity 5110K, committed 5248K, reserved 1056768K
  class space    used 534K, capacity 558K, committed 640K, reserved 1048576K
Event: 1.182 GC heap after
Heap after GC invocations=1 (full 0):
 garbage-first heap   total 131072K, used 2398K [0x00000000c0000000, 0x00000000c0100400, 0x0000000100000000)
  region size 1024K, 1 young (1024K), 1 survivors (1024K)
 Metaspace       used 5011K, capacity 5110K, committed 5248K, reserved 1056768K
  class space    used 534K, capacity 558K, committed 640K, reserved 1048576K
}
Event: 1.486 GC heap before
{Heap before GC invocations=1 (full 0):
 garbage-first heap   total 131072K, used 9566K [0x00000000c0000000, 0x00000000c0100400, 0x0000000100000000)
  region size 1024K, 8 young (8192K), 1 survivors (1024K)
 Metaspace       used 6228K, capacity 6344K, committed 6656K, reserved 1056768K
  class space    used 654K, capacity 695K, committed 768K, reserved 1048576K
Event: 1.490 GC heap after
Heap after GC invocations=2 (full 0):
 garbage-first heap   total 131072K, used 4867K [0x00000000c0000000, 0x00000000c0100400, 0x0000000100000000)
  region size 1024K, 1 young (1024K), 1 survivors (1024K)
 Metaspace       used 6228K, capacity 6344K, committed 6656K, reserved 1056768K
  class space    used 654K, capacity 695K, committed 768K, reserved 1048576K
}
Event: 5.115 GC heap before
{Heap before GC invocations=2 (full 0):
 garbage-first heap   total 131072K, used 75523K [0x00000000c0000000, 0x00000000c0100400, 0x0000000100000000)
  region size 1024K, 71 young (72704K), 1 survivors (1024K)
 Metaspace       used 19753K, capacity 21146K, committed 21248K, reserved 1069056K
  class space    used 2037K, capacity 2472K, committed 2560K, reserved 1048576K
Event: 5.138 GC heap after
Heap after GC invocations=3 (full 0):
 garbage-first heap   total 131072K, used 22906K [0x00000000c0000000, 0x00000000c0100400, 0x0000000100000000)
  region size 1024K, 9 young (9216K), 9 survivors (9216K)
 Metaspace       used 19753K, capacity 21146K, committed 21248K, reserved 1069056K
  class space    used 2037K, capacity 2472K, committed 2560K, reserved 1048576K
}

