# JRE version: Java(TM) SE Runtime Environment (8.0_144-b01) (build 1.8.0_144-b01)
# Java VM: Java HotSpot(TM) 64-Bit Server VM (25.144-b01 mixed mode windows-amd64 compressed oops)
Heap:
 garbage-first heap   total 131072K, used 37888K [0x00000000c0000000, 0x00000000c0100400, 0x0000000100000000)
  region size 1024K, 29 young (29696K), 10 survivors (10240K)
 Metaspace       used 23519K, capacity 25288K, committed 25600K, reserved 1071104K
  class space    used 2491K, capacity 3011K, committed 3072K, reserved 1048576K
GC Heap History (8 events):
Event: 0.735 GC heap before
{Heap before GC invocations=0 (full 0):
 garbage-first heap   total 131072K, used 6144K [0x00000000c0000000, 0x00000000c0100400, 0x0000000100000000)
  region size 1024K, 6 young (6144K), 0 survivors (0K)
 Metaspace       used 5005K, capacity 5106K, committed 5248K, reserved 1056768K
  class space    used 534K, capacity 558K, committed 640K, reserved 1048576K
Event: 0.740 GC heap after
Heap after GC invocations=1 (full 0):
 garbage-first heap   total 131072K, used 2396K [0x00000000c0000000, 0x00000000c0100400, 0x0000000100000000)
  region size 1024K, 1 young (1024K), 1 survivors (1024K)
 Metaspace       used 5005K, capacity 5106K, committed 5248K, reserved 1056768K
  class space    used 534K, capacity 558K, committed 640K, reserved 1048576K
}
Event: 0.869 GC heap before
{Heap before GC invocations=1 (full 0):
 garbage-first heap   total 131072K, used 7516K [0x00000000c0000000, 0x00000000c0100400, 0x0000000100000000)
  region size 1024K, 6 young (6144K), 1 survivors (1024K)
 Metaspace       used 5476K, capacity 5604K, committed 5760K, reserved 1056768K
  class space    used 576K, capacity 599K, committed 640K, reserved 1048576K
Event: 0.873 GC heap after
Heap after GC invocations=2 (full 0):
 garbage-first heap   total 131072K, used 4873K [0x00000000c0000000, 0x00000000c0100400, 0x0000000100000000)
  region size 1024K, 1 young (1024K), 1 survivors (1024K)
 Metaspace       used 5476K, capacity 5604K, committed 5760K, reserved 1056768K
  class space    used 576K, capacity 599K, committed 640K, reserved 1048576K
}
Event: 1.478 GC heap before
{Heap before GC invocations=2 (full 0):
 garbage-first heap   total 131072K, used 25353K [0x00000000c0000000, 0x00000000c0100400, 0x0000000100000000)
  region size 1024K, 21 young (21504K), 1 survivors (1024K)
 Metaspace       used 8219K, capacity 8394K, committed 8576K, reserved 1056768K
  class space    used 869K, capacity 888K, committed 896K, reserved 1048576K
Event: 1.484 GC heap after
Heap after GC invocations=3 (full 0):
 garbage-first heap   total 131072K, used 9825K [0x00000000c0000000, 0x00000000c0100400, 0x0000000100000000)
  region size 1024K, 3 young (3072K), 3 survivors (3072K)
 Metaspace       used 8219K, capacity 8394K, committed 8576K, reserved 1056768K
  class space    used 869K, capacity 888K, committed 896K, reserved 1048576K
}
Event: 2.765 GC heap before
{Heap before GC invocations=3 (full 0):
 garbage-first heap   total 131072K, used 61025K [0x00000000c0000000, 0x00000000c0100400, 0x0000000100000000)
  region size 1024K, 54 young (55296K), 3 survivors (3072K)
 Metaspace       used 19763K, capacity 21160K, committed 21248K, reserved 1069056K
  class space    used 2038K, capacity 2474K, committed 2560K, reserved 1048576K
Event: 2.784 GC heap after
Heap after GC invocations=4 (full 0):
 garbage-first heap   total 131072K, used 21504K [0x00000000c0000000, 0x00000000c0100400, 0x0000000100000000)
  region size 1024K, 10 young (10240K), 10 survivors (10240K)
 Metaspace       used 19763K, capacity 21160K, committed 21248K, reserved 1069056K
  class space    used 2038K, capacity 2474K, committed 2560K, reserved 1048576K
}

