# JRE version: Java(TM) SE Runtime Environment (8.0_144-b01) (build 1.8.0_144-b01)
# Java VM: Java HotSpot(TM) 64-Bit Server VM (25.144-b01 mixed mode windows-amd64 compressed oops)
Heap:
 garbage-first heap   total 131072K, used 80250K [0x00000000c0000000, 0x00000000c0100400, 0x0000000100000000)
  region size 1024K, 65 young (66560K), 9 survivors (9216K)
 Metaspace       used 27814K, capacity 29786K, committed 30080K, reserved 1075200K
  class space    used 3049K, capacity 3646K, committed 3712K, reserved 1048576K
GC Heap History (6 events):
Event: 1.954 GC heap before
{Heap before GC invocations=0 (full 0):
 garbage-first heap   total 131072K, used 6144K [0x00000000c0000000, 0x00000000c0100400, 0x0000000100000000)
  region size 1024K, 6 young (6144K), 0 survivors (0K)
 Metaspace       used 5002K, capacity 5106K, committed 5248K, reserved 1056768K
  class space    used 534K, capacity 558K, committed 640K, reserved 1048576K
Event: 1.957 GC heap after
Heap after GC invocations=1 (full 0):
 garbage-first heap   total 131072K, used 2502K [0x00000000c0000000, 0x00000000c0100400, 0x0000000100000000)
  region size 1024K, 1 young (1024K), 1 survivors (1024K)
 Metaspace       used 5002K, capacity 5106K, committed 5248K, reserved 1056768K
  class space    used 534K, capacity 558K, committed 640K, reserved 1048576K
}
Event: 2.742 GC heap before
{Heap before GC invocations=1 (full 0):
 garbage-first heap   total 131072K, used 9670K [0x00000000c0000000, 0x00000000c0100400, 0x0000000100000000)
  region size 1024K, 8 young (8192K), 1 survivors (1024K)
 Metaspace       used 6184K, capacity 6340K, committed 6656K, reserved 1056768K
  class space    used 653K, capacity 695K, committed 768K, reserved 1048576K
Event: 2.747 GC heap after
Heap after GC invocations=2 (full 0):
 garbage-first heap   total 131072K, used 5389K [0x00000000c0000000, 0x00000000c0100400, 0x0000000100000000)
  region size 1024K, 1 young (1024K), 1 survivors (1024K)
 Metaspace       used 6184K, capacity 6340K, committed 6656K, reserved 1056768K
  class space    used 653K, capacity 695K, committed 768K, reserved 1048576K
}
Event: 11.382 GC heap before
{Heap before GC invocations=2 (full 0):
 garbage-first heap   total 131072K, used 75021K [0x00000000c0000000, 0x00000000c0100400, 0x0000000100000000)
  region size 1024K, 70 young (71680K), 1 survivors (1024K)
 Metaspace       used 19829K, capacity 21124K, committed 21248K, reserved 1069056K
  class space    used 2034K, capacity 2462K, committed 2560K, reserved 1048576K
Event: 11.452 GC heap after
Heap after GC invocations=3 (full 0):
 garbage-first heap   total 131072K, used 23930K [0x00000000c0000000, 0x00000000c0100400, 0x0000000100000000)
  region size 1024K, 9 young (9216K), 9 survivors (9216K)
 Metaspace       used 19829K, capacity 21124K, committed 21248K, reserved 1069056K
  class space    used 2034K, capacity 2462K, committed 2560K, reserved 1048576K
}

