# JRE version: Java(TM) SE Runtime Environment (8.0_144-b01) (build 1.8.0_144-b01)
# Java VM: Java HotSpot(TM) 64-Bit Server VM (25.144-b01 mixed mode windows-amd64 compressed oops)
Heap:
 garbage-first heap   total 262144K, used 109781K [0x00000000c0000000, 0x00000000c0100800, 0x0000000100000000)
  region size 1024K, 1 young (1024K), 1 survivors (1024K)
 Metaspace       used 49536K, capacity 51918K, committed 52352K, reserved 1095680K
  class space    used 5614K, capacity 6433K, committed 6528K, reserved 1048576K
GC Heap History (10 events):
Event: 25.869 GC heap after
Heap after GC invocations=44 (full 0):
 garbage-first heap   total 131072K, used 102938K [0x00000000c0000000, 0x00000000c0100400, 0x0000000100000000)
  region size 1024K, 2 young (2048K), 2 survivors (2048K)
 Metaspace       used 49500K, capacity 51912K, committed 52352K, reserved 1095680K
  class space    used 5604K, capacity 6432K, committed 6528K, reserved 1048576K
}
Event: 25.961 GC heap before
{Heap before GC invocations=44 (full 0):
 garbage-first heap   total 131072K, used 110490K [0x00000000c0000000, 0x00000000c0100400, 0x0000000100000000)
  region size 1024K, 6 young (6144K), 2 survivors (2048K)
 Metaspace       used 49536K, capacity 51918K, committed 52352K, reserved 1095680K
  class space    used 5614K, capacity 6433K, committed 6528K, reserved 1048576K
Event: 25.993 GC heap after
Heap after GC invocations=45 (full 0):
 garbage-first heap   total 131072K, used 103897K [0x00000000c0000000, 0x00000000c0100400, 0x0000000100000000)
  region size 1024K, 1 young (1024K), 1 survivors (1024K)
 Metaspace       used 49536K, capacity 51918K, committed 52352K, reserved 1095680K
  class space    used 5614K, capacity 6433K, committed 6528K, reserved 1048576K
}
Event: 26.094 GC heap before
{Heap before GC invocations=45 (full 0):
 garbage-first heap   total 131072K, used 114137K [0x00000000c0000000, 0x00000000c0100400, 0x0000000100000000)
  region size 1024K, 11 young (11264K), 1 survivors (1024K)
 Metaspace       used 49536K, capacity 51918K, committed 52352K, reserved 1095680K
  class space    used 5614K, capacity 6433K, committed 6528K, reserved 1048576K
Event: 26.112 GC heap after
Heap after GC invocations=46 (full 0):
 garbage-first heap   total 131072K, used 104721K [0x00000000c0000000, 0x00000000c0100400, 0x0000000100000000)
  region size 1024K, 2 young (2048K), 2 survivors (2048K)
 Metaspace       used 49536K, capacity 51918K, committed 52352K, reserved 1095680K
  class space    used 5614K, capacity 6433K, committed 6528K, reserved 1048576K
}
Event: 26.217 GC heap before
{Heap before GC invocations=46 (full 0):
 garbage-first heap   total 131072K, used 113937K [0x00000000c0000000, 0x00000000c0100400, 0x0000000100000000)
  region size 1024K, 11 young (11264K), 2 survivors (2048K)
 Metaspace       used 49536K, capacity 51918K, committed 52352K, reserved 1095680K
  class space    used 5614K, capacity 6433K, committed 6528K, reserved 1048576K
Event: 26.229 GC heap after
Heap after GC invocations=47 (full 0):
 garbage-first heap   total 131072K, used 106845K [0x00000000c0000000, 0x00000000c0100400, 0x0000000100000000)
  region size 1024K, 2 young (2048K), 2 survivors (2048K)
 Metaspace       used 49536K, capacity 51918K, committed 52352K, reserved 1095680K
  class space    used 5614K, capacity 6433K, committed 6528K, reserved 1048576K
}
Event: 26.302 GC heap before
{Heap before GC invocations=47 (full 0):
 garbage-first heap   total 131072K, used 114013K [0x00000000c0000000, 0x00000000c0100400, 0x0000000100000000)
  region size 1024K, 9 young (9216K), 2 survivors (2048K)
 Metaspace       used 49536K, capacity 51918K, committed 52352K, reserved 1095680K
  class space    used 5614K, capacity 6433K, committed 6528K, reserved 1048576K
Event: 26.315 GC heap after
Heap after GC invocations=48 (full 0):
 garbage-first heap   total 131072K, used 109409K [0x00000000c0000000, 0x00000000c0100400, 0x0000000100000000)
  region size 1024K, 2 young (2048K), 2 survivors (2048K)
 Metaspace       used 49536K, capacity 51918K, committed 52352K, reserved 1095680K
  class space    used 5614K, capacity 6433K, committed 6528K, reserved 1048576K
}
Event: 26.388 GC heap before
{Heap before GC invocations=48 (full 0):
 garbage-first heap   total 131072K, used 113505K [0x00000000c0000000, 0x00000000c0100400, 0x0000000100000000)
  region size 1024K, 6 young (6144K), 2 survivors (2048K)
 Metaspace       used 49536K, capacity 51918K, committed 52352K, reserved 1095680K
  class space    used 5614K, capacity 6433K, committed 6528K, reserved 1048576K

